# JRE version: OpenJDK Runtime Environment (8.0_151-b12) (build 1.8.0_151-8u151-b12-0ubuntu0.16.04.2-b12)
# Java VM: OpenJDK 64-Bit Server VM (25.151-b12 mixed mode linux-amd64 compressed oops)
Heap:
 PSYoungGen      total 717312K, used 396783K [0x0000000755580000, 0x000000079d100000, 0x00000007c0000000)
  eden space 320512K, 0% used [0x0000000755580000,0x0000000755580000,0x0000000768e80000)
  from space 396800K, 99% used [0x0000000784d80000,0x000000079d0fbd18,0x000000079d100000)
  to   space 351232K, 0% used [0x0000000768e80000,0x0000000768e80000,0x000000077e580000)
 ParOldGen       total 807424K, used 638522K [0x0000000680000000, 0x00000006b1480000, 0x0000000755580000)
  object space 807424K, 79% used [0x0000000680000000,0x00000006a6f8e9f0,0x00000006b1480000)
 Metaspace       used 8900K, capacity 9052K, committed 9344K, reserved 1056768K
  class space    used 1064K, capacity 1076K, committed 1152K, reserved 1048576K
GC Heap History (10 events):
Event: 11,991 GC heap after
Heap after GC invocations=10 (full 3):
 PSYoungGen      total 421888K, used 177632K [0x0000000755580000, 0x0000000786280000, 0x00000007c0000000)
  eden space 244224K, 0% used [0x0000000755580000,0x0000000755580000,0x0000000764400000)
  from space 177664K, 99% used [0x0000000764400000,0x000000076f178378,0x000000076f180000)
  to   space 237056K, 0% used [0x0000000777b00000,0x0000000777b00000,0x0000000786280000)
 ParOldGen       total 807424K, used 527276K [0x0000000680000000, 0x00000006b1480000, 0x0000000755580000)
  object space 807424K, 65% used [0x0000000680000000,0x00000006a02eb0f8,0x00000006b1480000)
 Metaspace       used 8888K, capacity 9052K, committed 9344K, reserved 1056768K
  class space    used 1064K, capacity 1076K, committed 1152K, reserved 1048576K
}
Event: 13,471 GC heap before
{Heap before GC invocations=11 (full 3):
 PSYoungGen      total 421888K, used 421856K [0x0000000755580000, 0x0000000786280000, 0x00000007c0000000)
  eden space 244224K, 100% used [0x0000000755580000,0x0000000764400000,0x0000000764400000)
  from space 177664K, 99% used [0x0000000764400000,0x000000076f178378,0x000000076f180000)
  to   space 237056K, 0% used [0x0000000777b00000,0x0000000777b00000,0x0000000786280000)
 ParOldGen       total 807424K, used 527276K [0x0000000680000000, 0x00000006b1480000, 0x0000000755580000)
  object space 807424K, 65% used [0x0000000680000000,0x00000006a02eb0f8,0x00000006b1480000)
 Metaspace       used 8895K, capacity 9052K, committed 9344K, reserved 1056768K
  class space    used 1064K, capacity 1076K, committed 1152K, reserved 1048576K
Event: 13,993 GC heap after
Heap after GC invocations=11 (full 3):
 PSYoungGen      total 526848K, used 237028K [0x0000000755580000, 0x000000078aa80000, 0x00000007c0000000)
  eden space 289792K, 0% used [0x0000000755580000,0x0000000755580000,0x0000000767080000)
  from space 237056K, 99% used [0x0000000777b00000,0x0000000786279208,0x0000000786280000)
  to   space 272896K, 0% used [0x0000000767080000,0x0000000767080000,0x0000000777b00000)
 ParOldGen       total 807424K, used 528716K [0x0000000680000000, 0x00000006b1480000, 0x0000000755580000)
  object space 807424K, 65% used [0x0000000680000000,0x00000006a04530f8,0x00000006b1480000)
 Metaspace       used 8895K, capacity 9052K, committed 9344K, reserved 1056768K
  class space    used 1064K, capacity 1076K, committed 1152K, reserved 1048576K
}
Event: 15,829 GC heap before
{Heap before GC invocations=12 (full 3):
 PSYoungGen      total 526848K, used 526820K [0x0000000755580000, 0x000000078aa80000, 0x00000007c0000000)
  eden space 289792K, 100% used [0x0000000755580000,0x0000000767080000,0x0000000767080000)
  from space 237056K, 99% used [0x0000000777b00000,0x0000000786279208,0x0000000786280000)
  to   space 272896K, 0% used [0x0000000767080000,0x0000000767080000,0x0000000777b00000)
 ParOldGen       total 807424K, used 528716K [0x0000000680000000, 0x00000006b1480000, 0x0000000755580000)
  object space 807424K, 65% used [0x0000000680000000,0x00000006a04530f8,0x00000006b1480000)
 Metaspace       used 8896K, capacity 9052K, committed 9344K, reserved 1056768K
  class space    used 1064K, capacity 1076K, committed 1152K, reserved 1048576K
Event: 16,184 GC heap after
Heap after GC invocations=12 (full 3):
 PSYoungGen      total 562688K, used 272879K [0x0000000755580000, 0x0000000792300000, 0x00000007c0000000)
  eden space 289792K, 0% used [0x0000000755580000,0x0000000755580000,0x0000000767080000)
  from space 272896K, 99% used [0x0000000767080000,0x0000000777afbf90,0x0000000777b00000)
  to   space 325120K, 0% used [0x000000077e580000,0x000000077e580000,0x0000000792300000)
 ParOldGen       total 807424K, used 559580K [0x0000000680000000, 0x00000006b1480000, 0x0000000755580000)
  object space 807424K, 69% used [0x0000000680000000,0x00000006a22770f8,0x00000006b1480000)
 Metaspace       used 8896K, capacity 9052K, committed 9344K, reserved 1056768K
  class space    used 1064K, capacity 1076K, committed 1152K, reserved 1048576K
}
Event: 17,389 GC heap before
{Heap before GC invocations=13 (full 3):
 PSYoungGen      total 562688K, used 562671K [0x0000000755580000, 0x0000000792300000, 0x00000007c0000000)
  eden space 289792K, 100% used [0x0000000755580000,0x0000000767080000,0x0000000767080000)
  from space 272896K, 99% used [0x0000000767080000,0x0000000777afbf90,0x0000000777b00000)
  to   space 325120K, 0% used [0x000000077e580000,0x000000077e580000,0x0000000792300000)
 ParOldGen       total 807424K, used 559580K [0x0000000680000000, 0x00000006b1480000, 0x0000000755580000)
  object space 807424K, 69% used [0x0000000680000000,0x00000006a22770f8,0x00000006b1480000)
 Metaspace       used 8896K, capacity 9052K, committed 9344K, reserved 1056768K
  class space    used 1064K, capacity 1076K, committed 1152K, reserved 1048576K
Event: 17,991 GC heap after
Heap after GC invocations=13 (full 3):
 PSYoungGen      total 645632K, used 273258K [0x0000000755580000, 0x0000000795880000, 0x00000007c0000000)
  eden space 320512K, 0% used [0x0000000755580000,0x0000000755580000,0x0000000768e80000)
  from space 325120K, 84% used [0x000000077e580000,0x000000078f05a938,0x0000000792300000)
  to   space 351232K, 0% used [0x0000000768e80000,0x0000000768e80000,0x000000077e580000)
 ParOldGen       total 807424K, used 614818K [0x0000000680000000, 0x00000006b1480000, 0x0000000755580000)
  object space 807424K, 76% used [0x0000000680000000,0x00000006a58689f0,0x00000006b1480000)
 Metaspace       used 8896K, capacity 9052K, committed 9344K, reserved 1056768K
  class space    used 1064K, capacity 1076K, committed 1152K, reserved 1048576K
}
Event: 20,134 GC heap before
{Heap before GC invocations=14 (full 3):
 PSYoungGen      total 645632K, used 593770K [0x0000000755580000, 0x0000000795880000, 0x00000007c0000000)
  eden space 320512K, 100% used [0x0000000755580000,0x0000000768e80000,0x0000000768e80000)
  from space 325120K, 84% used [0x000000077e580000,0x000000078f05a938,0x0000000792300000)
  to   space 351232K, 0% used [0x0000000768e80000,0x0000000768e80000,0x000000077e580000)
 ParOldGen       total 807424K, used 614818K [0x0000000680000000, 0x00000006b1480000, 0x0000000755580000)
  object space 807424K, 76% used [0x0000000680000000,0x00000006a58689f0,0x00000006b1480000)
 Metaspace       used 8900K, capacity 9052K, committed 9344K, reserved 1056768K
  class space    used 1064K, capacity 1076K, committed 1152K, reserved 1048576K
Event: 20,509 GC heap after
Heap after GC invocations=14 (full 3):
 PSYoungGen      total 671744K, used 341167K [0x0000000755580000, 0x000000079d100000, 0x00000007c0000000)
  eden space 320512K, 0% used [0x0000000755580000,0x0000000755580000,0x0000000768e80000)
  from space 351232K, 97% used [0x0000000768e80000,0x000000077dbabd08,0x000000077e580000)
  to   space 396800K, 0% used [0x0000000784d80000,0x0000000784d80000,0x000000079d100000)
 ParOldGen       total 807424K, used 614826K [0x0000000680000000, 0x00000006b1480000, 0x0000000755580000)
  object space 807424K, 76% used [0x0000000680000000,0x00000006a586a9f0,0x00000006b1480000)
 Metaspace       used 8900K, capacity 9052K, committed 9344K, reserved 1056768K
  class space    used 1064K, capacity 1076K, committed 1152K, reserved 1048576K
}
Event: 22,479 GC heap before
{Heap before GC invocations=15 (full 3):
 PSYoungGen      total 671744K, used 661679K [0x0000000755580000, 0x000000079d100000, 0x00000007c0000000)
  eden space 320512K, 100% used [0x0000000755580000,0x0000000768e80000,0x0000000768e80000)
  from space 351232K, 97% used [0x0000000768e80000,0x000000077dbabd08,0x000000077e580000)
  to   space 396800K, 0% used [0x0000000784d80000,0x0000000784d80000,0x000000079d100000)
 ParOldGen       total 807424K, used 614826K [0x0000000680000000, 0x00000006b1480000, 0x0000000755580000)
  object space 807424K, 76% used [0x0000000680000000,0x00000006a586a9f0,0x00000006b1480000)
 Metaspace       used 8900K, capacity 9052K, committed 9344K, reserved 1056768K
  class space    used 1064K, capacity 1076K, committed 1152K, reserved 1048576K

